[    16.070] (--) Log file renamed from "/home/webwerks/.local/share/xorg/Xorg.pid-1359.log" to "/home/webwerks/.local/share/xorg/Xorg.0.log"
[    16.070] 
X.Org X Server 1.19.6
Release Date: 2017-12-20
[    16.070] X Protocol Version 11, Revision 0
[    16.070] Build Operating System: Linux 4.15.0-115-generic x86_64 Ubuntu
[    16.070] Current Operating System: Linux webwerks 4.15.0-117-generic #118-Ubuntu SMP Fri Sep 4 20:02:41 UTC 2020 x86_64
[    16.070] Kernel command line: BOOT_IMAGE=/boot/vmlinuz-4.15.0-117-generic root=UUID=9ac05860-9045-473d-97d5-fca658b16cd5 ro quiet splash vt.handoff=1
[    16.070] Build Date: 04 September 2020  03:34:39PM
[    16.070] xorg-server 2:1.19.6-1ubuntu4.6 (For technical support please see http://www.ubuntu.com/support) 
[    16.070] Current version of pixman: 0.34.0
[    16.070] 	Before reporting problems, check http://wiki.x.org
	to make sure that you have the latest version.
[    16.070] Markers: (--) probed, (**) from config file, (==) default setting,
	(++) from command line, (!!) notice, (II) informational,
	(WW) warning, (EE) error, (NI) not implemented, (??) unknown.
[    16.070] (==) Log file: "/home/webwerks/.local/share/xorg/Xorg.0.log", Time: Wed Sep 23 17:39:53 2020
[    16.071] (==) Using system config directory "/usr/share/X11/xorg.conf.d"
[    16.071] (==) No Layout section.  Using the first Screen section.
[    16.071] (==) No screen section available. Using defaults.
[    16.071] (**) |-->Screen "Default Screen Section" (0)
[    16.071] (**) |   |-->Monitor "<default monitor>"
[    16.071] (==) No monitor specified for screen "Default Screen Section".
	Using a default monitor configuration.
[    16.071] (==) Automatically adding devices
[    16.071] (==) Automatically enabling devices
[    16.071] (==) Automatically adding GPU devices
[    16.071] (==) Automatically binding GPU devices
[    16.071] (==) Max clients allowed: 256, resource mask: 0x1fffff
[    16.071] (WW) The directory "/usr/share/fonts/X11/cyrillic" does not exist.
[    16.071] 	Entry deleted from font path.
[    16.071] (WW) The directory "/usr/share/fonts/X11/100dpi/" does not exist.
[    16.071] 	Entry deleted from font path.
[    16.071] (WW) The directory "/usr/share/fonts/X11/75dpi/" does not exist.
[    16.071] 	Entry deleted from font path.
[    16.071] (WW) The directory "/usr/share/fonts/X11/100dpi" does not exist.
[    16.071] 	Entry deleted from font path.
[    16.071] (WW) The directory "/usr/share/fonts/X11/75dpi" does not exist.
[    16.071] 	Entry deleted from font path.
[    16.072] (==) FontPath set to:
	/usr/share/fonts/X11/misc,
	/usr/share/fonts/X11/Type1,
	built-ins
[    16.072] (==) ModulePath set to "/usr/lib/xorg/modules"
[    16.072] (II) The server relies on udev to provide the list of input devices.
	If no devices become available, reconfigure udev or disable AutoAddDevices.
[    16.072] (II) Loader magic: 0x55a8a6068020
[    16.072] (II) Module ABI versions:
[    16.072] 	X.Org ANSI C Emulation: 0.4
[    16.072] 	X.Org Video Driver: 23.0
[    16.072] 	X.Org XInput driver : 24.1
[    16.072] 	X.Org Server Extension : 10.0
[    16.072] (++) using VT number 2

[    16.075] (II) systemd-logind: took control of session /org/freedesktop/login1/session/_32
[    16.076] (II) xfree86: Adding drm device (/dev/dri/card0)
[    16.076] (II) systemd-logind: got fd for /dev/dri/card0 226:0 fd 12 paused 0
[    16.079] (--) PCI:*(0:0:2:0) 8086:1616:17aa:503c rev 9, Mem @ 0xf0000000/16777216, 0xe0000000/268435456, I/O @ 0x00003000/64, BIOS @ 0x????????/131072
[    16.079] (II) LoadModule: "glx"
[    16.079] (II) Loading /usr/lib/xorg/modules/extensions/libglx.so
[    16.080] (II) Module glx: vendor="X.Org Foundation"
[    16.080] 	compiled for 1.19.6, module version = 1.0.0
[    16.080] 	ABI class: X.Org Server Extension, version 10.0
[    16.080] (==) Matched modesetting as autoconfigured driver 0
[    16.080] (==) Matched fbdev as autoconfigured driver 1
[    16.080] (==) Matched vesa as autoconfigured driver 2
[    16.080] (==) Assigned the driver to the xf86ConfigLayout
[    16.080] (II) LoadModule: "modesetting"
[    16.080] (II) Loading /usr/lib/xorg/modules/drivers/modesetting_drv.so
[    16.080] (II) Module modesetting: vendor="X.Org Foundation"
[    16.080] 	compiled for 1.19.6, module version = 1.19.6
[    16.080] 	Module class: X.Org Video Driver
[    16.080] 	ABI class: X.Org Video Driver, version 23.0
[    16.080] (II) LoadModule: "fbdev"
[    16.081] (II) Loading /usr/lib/xorg/modules/drivers/fbdev_drv.so
[    16.081] (II) Module fbdev: vendor="X.Org Foundation"
[    16.081] 	compiled for 1.19.3, module version = 0.4.4
[    16.081] 	Module class: X.Org Video Driver
[    16.081] 	ABI class: X.Org Video Driver, version 23.0
[    16.081] (II) LoadModule: "vesa"
[    16.081] (II) Loading /usr/lib/xorg/modules/drivers/vesa_drv.so
[    16.081] (II) Module vesa: vendor="X.Org Foundation"
[    16.081] 	compiled for 1.19.3, module version = 2.3.4
[    16.081] 	Module class: X.Org Video Driver
[    16.081] 	ABI class: X.Org Video Driver, version 23.0
[    16.081] (II) modesetting: Driver for Modesetting Kernel Drivers: kms
[    16.081] (II) FBDEV: driver for framebuffer: fbdev
[    16.081] (II) VESA: driver for VESA chipsets: vesa
[    16.081] xf86EnableIOPorts: failed to set IOPL for I/O (Operation not permitted)
[    16.081] (II) modeset(0): using drv /dev/dri/card0
[    16.081] (WW) Falling back to old probe method for fbdev
[    16.081] (II) Loading sub module "fbdevhw"
[    16.081] (II) LoadModule: "fbdevhw"
[    16.082] (II) Loading /usr/lib/xorg/modules/libfbdevhw.so
[    16.082] (II) Module fbdevhw: vendor="X.Org Foundation"
[    16.082] 	compiled for 1.19.6, module version = 0.0.2
[    16.082] 	ABI class: X.Org Video Driver, version 23.0
[    16.082] (EE) open /dev/fb0: Permission denied
[    16.082] (WW) Falling back to old probe method for vesa
[    16.082] (WW) VGA arbiter: cannot open kernel arbiter, no multi-card support
[    16.082] (II) modeset(0): Creating default Display subsection in Screen section
	"Default Screen Section" for depth/fbbpp 24/32
[    16.082] (==) modeset(0): Depth 24, (==) framebuffer bpp 32
[    16.082] (==) modeset(0): RGB weight 888
[    16.082] (==) modeset(0): Default visual is TrueColor
[    16.082] (II) Loading sub module "glamoregl"
[    16.082] (II) LoadModule: "glamoregl"
[    16.082] (II) Loading /usr/lib/xorg/modules/libglamoregl.so
[    16.086] (II) Module glamoregl: vendor="X.Org Foundation"
[    16.086] 	compiled for 1.19.6, module version = 1.0.0
[    16.086] 	ABI class: X.Org ANSI C Emulation, version 0.4
[    16.086] (II) glamor: OpenGL accelerated X.org driver based.
[    16.099] (II) glamor: EGL version 1.4:
[    16.103] (II) modeset(0): glamor initialized
[    16.104] (II) modeset(0): Output eDP-1 has no monitor section
[    16.104] (II) modeset(0): Output DP-1 has no monitor section
[    16.320] (II) modeset(0): Output HDMI-1 has no monitor section
[    16.320] (II) modeset(0): Output DP-2 has no monitor section
[    16.328] (II) modeset(0): Output HDMI-2 has no monitor section
[    16.343] (II) modeset(0): EDID for output eDP-1
[    16.343] (II) modeset(0): Manufacturer: BOE  Model: 600  Serial#: 0
[    16.343] (II) modeset(0): Year: 2014  Week: 1
[    16.343] (II) modeset(0): EDID Version: 1.4
[    16.343] (II) modeset(0): Digital Display Input
[    16.343] (II) modeset(0): 6 bits per channel
[    16.343] (II) modeset(0): Digital interface is DisplayPort
[    16.343] (II) modeset(0): Max Image Size [cm]: horiz.: 31  vert.: 17
[    16.343] (II) modeset(0): Gamma: 2.20
[    16.343] (II) modeset(0): No DPMS capabilities specified
[    16.343] (II) modeset(0): Supported color encodings: RGB 4:4:4 
[    16.343] (II) modeset(0): First detailed timing is preferred mode
[    16.343] (II) modeset(0): Preferred mode is native pixel format and refresh rate
[    16.343] (II) modeset(0): redX: 0.572 redY: 0.359   greenX: 0.339 greenY: 0.585
[    16.343] (II) modeset(0): blueX: 0.158 blueY: 0.104   whiteX: 0.312 whiteY: 0.328
[    16.343] (II) modeset(0): Manufacturer's mask: 0
[    16.343] (II) modeset(0): Supported detailed timing:
[    16.343] (II) modeset(0): clock: 72.3 MHz   Image Size:  309 x 173 mm
[    16.343] (II) modeset(0): h_active: 1366  h_sync: 1414  h_sync_end 1446 h_blank_end 1526 h_border: 0
[    16.343] (II) modeset(0): v_active: 768  v_sync: 771  v_sync_end 777 v_blanking: 790 v_border: 0
[    16.343] (II) modeset(0): Supported detailed timing:
[    16.343] (II) modeset(0): clock: 60.3 MHz   Image Size:  309 x 173 mm
[    16.343] (II) modeset(0): h_active: 1366  h_sync: 1414  h_sync_end 1446 h_blank_end 1526 h_border: 0
[    16.343] (II) modeset(0): v_active: 768  v_sync: 771  v_sync_end 777 v_blanking: 790 v_border: 0
[    16.344] (II) modeset(0):  BOE DT
[    16.344] (II) modeset(0):  HB140WX1-401
[    16.344] (II) modeset(0): EDID (in hex):
[    16.344] (II) modeset(0): 	00ffffffffffff0009e5000600000000
[    16.344] (II) modeset(0): 	01180104951f1178028fa0925c569528
[    16.344] (II) modeset(0): 	1a505400000001010101010101010101
[    16.344] (II) modeset(0): 	0101010101013e1c56a0500016303020
[    16.344] (II) modeset(0): 	360035ad1000001a8e1756a050001630
[    16.344] (II) modeset(0): 	3020360035ad1000001a000000fe0042
[    16.344] (II) modeset(0): 	4f452044540a202020202020000000fe
[    16.344] (II) modeset(0): 	0048423134305758312d3430310a005d
[    16.344] (II) modeset(0): Printing probed modes for output eDP-1
[    16.344] (II) modeset(0): Modeline "1366x768"x60.0   72.30  1366 1414 1446 1526  768 771 777 790 +hsync -vsync (47.4 kHz eP)
[    16.344] (II) modeset(0): Modeline "1366x768"x50.0   60.30  1366 1414 1446 1526  768 771 777 790 +hsync -vsync (39.5 kHz e)
[    16.344] (II) modeset(0): Modeline "1360x768"x59.8   84.75  1360 1432 1568 1776  768 771 781 798 -hsync +vsync (47.7 kHz d)
[    16.344] (II) modeset(0): Modeline "1360x768"x60.0   72.00  1360 1408 1440 1520  768 771 781 790 +hsync -vsync (47.4 kHz d)
[    16.344] (II) modeset(0): Modeline "1280x720"x120.0  156.12  1280 1376 1512 1744  720 721 724 746 doublescan -hsync +vsync (89.5 kHz d)
[    16.345] (II) modeset(0): Modeline "1280x720"x120.0  120.75  1280 1304 1320 1360  720 721 724 740 doublescan +hsync -vsync (88.8 kHz d)
[    16.345] (II) modeset(0): Modeline "1280x720"x59.9   74.50  1280 1344 1472 1664  720 723 728 748 -hsync +vsync (44.8 kHz d)
[    16.345] (II) modeset(0): Modeline "1280x720"x59.7   63.75  1280 1328 1360 1440  720 723 728 741 +hsync -vsync (44.3 kHz d)
[    16.345] (II) modeset(0): Modeline "1024x768"x120.1  133.47  1024 1100 1212 1400  768 768 770 794 doublescan -hsync +vsync (95.3 kHz d)
[    16.345] (II) modeset(0): Modeline "1024x768"x60.0   65.00  1024 1048 1184 1344  768 771 777 806 -hsync -vsync (48.4 kHz d)
[    16.345] (II) modeset(0): Modeline "960x720"x120.0  117.00  960 1024 1128 1300  720 720 722 750 doublescan -hsync +vsync (90.0 kHz d)
[    16.345] (II) modeset(0): Modeline "928x696"x120.1  109.15  928 976 1088 1264  696 696 698 719 doublescan -hsync +vsync (86.4 kHz d)
[    16.345] (II) modeset(0): Modeline "896x672"x120.0  102.40  896 960 1060 1224  672 672 674 697 doublescan -hsync +vsync (83.7 kHz d)
[    16.345] (II) modeset(0): Modeline "1024x576"x119.9   98.50  1024 1092 1200 1376  576 577 580 597 doublescan -hsync +vsync (71.6 kHz d)
[    16.345] (II) modeset(0): Modeline "1024x576"x119.9   78.38  1024 1048 1064 1104  576 577 580 592 doublescan +hsync -vsync (71.0 kHz d)
[    16.345] (II) modeset(0): Modeline "1024x576"x59.9   46.50  1024 1064 1160 1296  576 579 584 599 -hsync +vsync (35.9 kHz d)
[    16.345] (II) modeset(0): Modeline "1024x576"x59.8   42.00  1024 1072 1104 1184  576 579 584 593 +hsync -vsync (35.5 kHz d)
[    16.345] (II) modeset(0): Modeline "960x600"x119.9   96.62  960 1028 1128 1296  600 601 604 622 doublescan -hsync +vsync (74.6 kHz d)
[    16.345] (II) modeset(0): Modeline "960x600"x120.0   77.00  960 984 1000 1040  600 601 604 617 doublescan +hsync -vsync (74.0 kHz d)
[    16.345] (II) modeset(0): Modeline "960x540"x119.9   86.50  960 1024 1124 1288  540 541 544 560 doublescan -hsync +vsync (67.2 kHz d)
[    16.345] (II) modeset(0): Modeline "960x540"x120.0   69.25  960 984 1000 1040  540 541 544 555 doublescan +hsync -vsync (66.6 kHz d)
[    16.345] (II) modeset(0): Modeline "960x540"x59.6   40.75  960 992 1088 1216  540 543 548 562 -hsync +vsync (33.5 kHz d)
[    16.345] (II) modeset(0): Modeline "960x540"x59.8   37.25  960 1008 1040 1120  540 543 548 556 +hsync -vsync (33.3 kHz d)
[    16.345] (II) modeset(0): Modeline "800x600"x120.0   81.00  800 832 928 1080  600 600 602 625 doublescan +hsync +vsync (75.0 kHz d)
[    16.345] (II) modeset(0): Modeline "800x600"x60.3   40.00  800 840 968 1056  600 601 605 628 +hsync +vsync (37.9 kHz d)
[    16.345] (II) modeset(0): Modeline "800x600"x56.2   36.00  800 824 896 1024  600 601 603 625 +hsync +vsync (35.2 kHz d)
[    16.345] (II) modeset(0): Modeline "840x525"x120.0   73.12  840 892 980 1120  525 526 529 544 doublescan -hsync +vsync (65.3 kHz d)
[    16.345] (II) modeset(0): Modeline "840x525"x119.8   59.50  840 864 880 920  525 526 529 540 doublescan +hsync -vsync (64.7 kHz d)
[    16.345] (II) modeset(0): Modeline "864x486"x59.9   32.50  864 888 968 1072  486 489 494 506 -hsync +vsync (30.3 kHz d)
[    16.345] (II) modeset(0): Modeline "864x486"x59.6   30.50  864 912 944 1024  486 489 494 500 +hsync -vsync (29.8 kHz d)
[    16.345] (II) modeset(0): Modeline "800x512"x120.3   51.56  800 800 828 832  512 512 514 515 doublescan +hsync +vsync (62.0 kHz d)
[    16.345] (II) modeset(0): Modeline "700x525"x120.0   61.00  700 744 820 940  525 526 532 541 doublescan +hsync +vsync (64.9 kHz d)
[    16.345] (II) modeset(0): Modeline "800x450"x119.9   59.12  800 848 928 1056  450 451 454 467 doublescan -hsync +vsync (56.0 kHz d)
[    16.345] (II) modeset(0): Modeline "800x450"x119.6   48.75  800 824 840 880  450 451 454 463 doublescan +hsync -vsync (55.4 kHz d)
[    16.345] (II) modeset(0): Modeline "640x512"x120.0   54.00  640 664 720 844  512 512 514 533 doublescan +hsync +vsync (64.0 kHz d)
[    16.345] (II) modeset(0): Modeline "720x450"x119.8   53.25  720 760 836 952  450 451 454 467 doublescan -hsync +vsync (55.9 kHz d)
[    16.346] (II) modeset(0): Modeline "700x450"x119.9   51.75  700 740 812 924  450 451 456 467 doublescan -hsync +vsync (56.0 kHz d)
[    16.346] (II) modeset(0): Modeline "700x450"x119.8   43.25  700 724 740 780  450 451 456 463 doublescan +hsync -vsync (55.4 kHz d)
[    16.346] (II) modeset(0): Modeline "640x480"x120.0   54.00  640 688 744 900  480 480 482 500 doublescan +hsync +vsync (60.0 kHz d)
[    16.346] (II) modeset(0): Modeline "640x480"x59.9   25.18  640 656 752 800  480 490 492 525 -hsync -vsync (31.5 kHz d)
[    16.346] (II) modeset(0): Modeline "720x405"x59.5   22.50  720 744 808 896  405 408 413 422 -hsync +vsync (25.1 kHz d)
[    16.346] (II) modeset(0): Modeline "720x405"x59.0   21.75  720 768 800 880  405 408 413 419 +hsync -vsync (24.7 kHz d)
[    16.346] (II) modeset(0): Modeline "684x384"x119.8   42.62  684 720 788 892  384 385 390 399 doublescan -hsync +vsync (47.8 kHz d)
[    16.346] (II) modeset(0): Modeline "684x384"x119.7   36.12  684 708 724 764  384 385 390 395 doublescan +hsync -vsync (47.3 kHz d)
[    16.346] (II) modeset(0): Modeline "680x384"x119.6   42.38  680 716 784 888  384 385 390 399 doublescan -hsync +vsync (47.7 kHz d)
[    16.346] (II) modeset(0): Modeline "680x384"x119.9   36.00  680 704 720 760  384 385 390 395 doublescan +hsync -vsync (47.4 kHz d)
[    16.346] (II) modeset(0): Modeline "640x400"x119.8   41.75  640 676 740 840  400 401 404 415 doublescan -hsync +vsync (49.7 kHz d)
[    16.346] (II) modeset(0): Modeline "640x400"x120.0   35.50  640 664 680 720  400 401 404 411 doublescan +hsync -vsync (49.3 kHz d)
[    16.346] (II) modeset(0): Modeline "576x432"x120.1   40.81  576 608 668 760  432 432 434 447 doublescan -hsync +vsync (53.7 kHz d)
[    16.346] (II) modeset(0): Modeline "640x360"x119.7   37.25  640 672 736 832  360 361 364 374 doublescan -hsync +vsync (44.8 kHz d)
[    16.346] (II) modeset(0): Modeline "640x360"x119.7   31.88  640 664 680 720  360 361 364 370 doublescan +hsync -vsync (44.3 kHz d)
[    16.346] (II) modeset(0): Modeline "640x360"x59.8   18.00  640 664 720 800  360 363 368 376 -hsync +vsync (22.5 kHz d)
[    16.346] (II) modeset(0): Modeline "640x360"x59.3   17.75  640 688 720 800  360 363 368 374 +hsync -vsync (22.2 kHz d)
[    16.346] (II) modeset(0): Modeline "512x384"x120.0   32.50  512 524 592 672  384 385 388 403 doublescan -hsync -vsync (48.4 kHz d)
[    16.346] (II) modeset(0): Modeline "512x288"x120.0   23.25  512 532 580 648  288 289 292 299 doublescan -hsync +vsync (35.9 kHz d)
[    16.346] (II) modeset(0): Modeline "512x288"x119.8   21.00  512 536 552 592  288 289 292 296 doublescan +hsync -vsync (35.5 kHz d)
[    16.346] (II) modeset(0): Modeline "480x270"x119.3   20.38  480 496 544 608  270 271 274 281 doublescan -hsync +vsync (33.5 kHz d)
[    16.347] (II) modeset(0): Modeline "480x270"x119.6   18.62  480 504 520 560  270 271 274 278 doublescan +hsync -vsync (33.3 kHz d)
[    16.347] (II) modeset(0): Modeline "400x300"x120.6   20.00  400 420 484 528  300 300 302 314 doublescan +hsync +vsync (37.9 kHz d)
[    16.347] (II) modeset(0): Modeline "400x300"x112.7   18.00  400 412 448 512  300 300 301 312 doublescan +hsync +vsync (35.2 kHz d)
[    16.347] (II) modeset(0): Modeline "432x243"x119.8   16.25  432 444 484 536  243 244 247 253 doublescan -hsync +vsync (30.3 kHz d)
[    16.347] (II) modeset(0): Modeline "432x243"x119.1   15.25  432 456 472 512  243 244 247 250 doublescan +hsync -vsync (29.8 kHz d)
[    16.347] (II) modeset(0): Modeline "320x240"x120.1   12.59  320 328 376 400  240 245 246 262 doublescan -hsync -vsync (31.5 kHz d)
[    16.347] (II) modeset(0): Modeline "360x202"x119.0   11.25  360 372 404 448  202 204 206 211 doublescan -hsync +vsync (25.1 kHz d)
[    16.347] (II) modeset(0): Modeline "360x202"x118.3   10.88  360 384 400 440  202 204 206 209 doublescan +hsync -vsync (24.7 kHz d)
[    16.347] (II) modeset(0): Modeline "320x180"x119.7    9.00  320 332 360 400  180 181 184 188 doublescan -hsync +vsync (22.5 kHz d)
[    16.347] (II) modeset(0): Modeline "320x180"x118.6    8.88  320 344 360 400  180 181 184 187 doublescan +hsync -vsync (22.2 kHz d)
[    16.347] (II) modeset(0): EDID for output DP-1
[    16.560] (II) modeset(0): EDID for output HDMI-1
[    16.560] (II) modeset(0): EDID for output DP-2
[    16.568] (II) modeset(0): EDID for output HDMI-2
[    16.568] (II) modeset(0): Output eDP-1 connected
[    16.568] (II) modeset(0): Output DP-1 disconnected
[    16.568] (II) modeset(0): Output HDMI-1 disconnected
[    16.568] (II) modeset(0): Output DP-2 disconnected
[    16.568] (II) modeset(0): Output HDMI-2 disconnected
[    16.568] (II) modeset(0): Using exact sizes for initial modes
[    16.568] (II) modeset(0): Output eDP-1 using initial mode 1366x768 +0+0
[    16.568] (==) modeset(0): Using gamma correction (1.0, 1.0, 1.0)
[    16.568] (==) modeset(0): DPI set to (96, 96)
[    16.568] (II) Loading sub module "fb"
[    16.568] (II) LoadModule: "fb"
[    16.568] (II) Loading /usr/lib/xorg/modules/libfb.so
[    16.568] (II) Module fb: vendor="X.Org Foundation"
[    16.568] 	compiled for 1.19.6, module version = 1.0.0
[    16.568] 	ABI class: X.Org ANSI C Emulation, version 0.4
[    16.568] (II) UnloadModule: "fbdev"
[    16.568] (II) Unloading fbdev
[    16.568] (II) UnloadSubModule: "fbdevhw"
[    16.568] (II) Unloading fbdevhw
[    16.568] (II) UnloadModule: "vesa"
[    16.568] (II) Unloading vesa
[    16.568] (==) Depth 24 pixmap format is 32 bpp
[    16.582] (==) modeset(0): Backing store enabled
[    16.582] (==) modeset(0): Silken mouse enabled
[    16.582] (II) modeset(0): RandR 1.2 enabled, ignore the following RandR disabled message.
[    16.642] (==) modeset(0): DPMS enabled
[    16.643] (II) modeset(0): [DRI2] Setup complete
[    16.643] (II) modeset(0): [DRI2]   DRI driver: i965
[    16.643] (II) modeset(0): [DRI2]   VDPAU driver: i965
[    16.643] (--) RandR disabled
[    16.647] (II) SELinux: Disabled on system
[    16.652] (II) AIGLX: enabled GLX_MESA_copy_sub_buffer
[    16.652] (II) AIGLX: enabled GLX_ARB_create_context
[    16.652] (II) AIGLX: enabled GLX_ARB_create_context_profile
[    16.652] (II) AIGLX: enabled GLX_EXT_create_context_es{,2}_profile
[    16.652] (II) AIGLX: enabled GLX_INTEL_swap_event
[    16.652] (II) AIGLX: enabled GLX_SGI_swap_control
[    16.652] (II) AIGLX: enabled GLX_EXT_framebuffer_sRGB
[    16.652] (II) AIGLX: enabled GLX_ARB_fbconfig_float
[    16.652] (II) AIGLX: enabled GLX_EXT_fbconfig_packed_float
[    16.652] (II) AIGLX: GLX_EXT_texture_from_pixmap backed by buffer objects
[    16.652] (II) AIGLX: enabled GLX_ARB_create_context_robustness
[    16.653] (II) AIGLX: Loaded and initialized i965
[    16.653] (II) GLX: Initialized DRI2 GL provider for screen 0
[    16.655] (II) modeset(0): Damage tracking initialized
[    16.655] (II) modeset(0): Setting screen physical size to 361 x 203
[    16.687] (II) config/udev: Adding input device Power Button (/dev/input/event2)
[    16.687] (**) Power Button: Applying InputClass "libinput keyboard catchall"
[    16.687] (II) LoadModule: "libinput"
[    16.688] (II) Loading /usr/lib/xorg/modules/input/libinput_drv.so
[    16.689] (II) Module libinput: vendor="X.Org Foundation"
[    16.689] 	compiled for 1.19.6, module version = 0.27.1
[    16.689] 	Module class: X.Org XInput Driver
[    16.689] 	ABI class: X.Org XInput driver, version 24.1
[    16.689] (II) Using input driver 'libinput' for 'Power Button'
[    16.690] (II) systemd-logind: got fd for /dev/input/event2 13:66 fd 22 paused 0
[    16.690] (**) Power Button: always reports core events
[    16.690] (**) Option "Device" "/dev/input/event2"
[    16.690] (**) Option "_source" "server/udev"
[    16.690] (II) event2  - Power Button: is tagged by udev as: Keyboard
[    16.690] (II) event2  - Power Button: device is a keyboard
[    16.690] (II) event2  - Power Button: device removed
[    16.691] (**) Option "config_info" "udev:/sys/devices/LNXSYSTM:00/LNXPWRBN:00/input/input2/event2"
[    16.691] (II) XINPUT: Adding extended input device "Power Button" (type: KEYBOARD, id 6)
[    16.691] (**) Option "xkb_model" "pc105"
[    16.691] (**) Option "xkb_layout" "us"
[    16.692] (II) event2  - Power Button: is tagged by udev as: Keyboard
[    16.692] (II) event2  - Power Button: device is a keyboard
[    16.692] (II) config/udev: Adding input device Video Bus (/dev/input/event11)
[    16.692] (**) Video Bus: Applying InputClass "libinput keyboard catchall"
[    16.692] (II) Using input driver 'libinput' for 'Video Bus'
[    16.695] (II) systemd-logind: got fd for /dev/input/event11 13:75 fd 25 paused 0
[    16.695] (**) Video Bus: always reports core events
[    16.695] (**) Option "Device" "/dev/input/event11"
[    16.695] (**) Option "_source" "server/udev"
[    16.695] (II) event11 - Video Bus: is tagged by udev as: Keyboard
[    16.695] (II) event11 - Video Bus: device is a keyboard
[    16.695] (II) event11 - Video Bus: device removed
[    16.696] (**) Option "config_info" "udev:/sys/devices/LNXSYSTM:00/LNXSYBUS:00/PNP0A08:00/LNXVIDEO:00/input/input12/event11"
[    16.696] (II) XINPUT: Adding extended input device "Video Bus" (type: KEYBOARD, id 7)
[    16.696] (**) Option "xkb_model" "pc105"
[    16.696] (**) Option "xkb_layout" "us"
[    16.696] (II) event11 - Video Bus: is tagged by udev as: Keyboard
[    16.696] (II) event11 - Video Bus: device is a keyboard
[    16.697] (II) config/udev: Adding input device Lid Switch (/dev/input/event0)
[    16.697] (II) No input driver specified, ignoring this device.
[    16.697] (II) This device may have been added with another device file.
[    16.698] (II) config/udev: Adding input device Sleep Button (/dev/input/event1)
[    16.698] (**) Sleep Button: Applying InputClass "libinput keyboard catchall"
[    16.698] (II) Using input driver 'libinput' for 'Sleep Button'
[    16.699] (II) systemd-logind: got fd for /dev/input/event1 13:65 fd 26 paused 0
[    16.699] (**) Sleep Button: always reports core events
[    16.699] (**) Option "Device" "/dev/input/event1"
[    16.699] (**) Option "_source" "server/udev"
[    16.699] (II) event1  - Sleep Button: is tagged by udev as: Keyboard
[    16.699] (II) event1  - Sleep Button: device is a keyboard
[    16.699] (II) event1  - Sleep Button: device removed
[    16.699] (**) Option "config_info" "udev:/sys/devices/LNXSYSTM:00/LNXSYBUS:00/PNP0C0E:00/input/input1/event1"
[    16.699] (II) XINPUT: Adding extended input device "Sleep Button" (type: KEYBOARD, id 8)
[    16.699] (**) Option "xkb_model" "pc105"
[    16.699] (**) Option "xkb_layout" "us"
[    16.700] (II) event1  - Sleep Button: is tagged by udev as: Keyboard
[    16.700] (II) event1  - Sleep Button: device is a keyboard
[    16.701] (II) config/udev: Adding input device HDA Intel HDMI HDMI/DP,pcm=3 (/dev/input/event13)
[    16.701] (II) No input driver specified, ignoring this device.
[    16.701] (II) This device may have been added with another device file.
[    16.701] (II) config/udev: Adding input device HDA Intel HDMI HDMI/DP,pcm=7 (/dev/input/event14)
[    16.701] (II) No input driver specified, ignoring this device.
[    16.701] (II) This device may have been added with another device file.
[    16.701] (II) config/udev: Adding input device HDA Intel HDMI HDMI/DP,pcm=8 (/dev/input/event15)
[    16.702] (II) No input driver specified, ignoring this device.
[    16.702] (II) This device may have been added with another device file.
[    16.702] (II) config/udev: Adding input device HDA Intel HDMI HDMI/DP,pcm=9 (/dev/input/event16)
[    16.702] (II) No input driver specified, ignoring this device.
[    16.702] (II) This device may have been added with another device file.
[    16.702] (II) config/udev: Adding input device HDA Intel HDMI HDMI/DP,pcm=10 (/dev/input/event17)
[    16.702] (II) No input driver specified, ignoring this device.
[    16.702] (II) This device may have been added with another device file.
[    16.703] (II) config/udev: Adding input device Integrated Camera: Integrated C (/dev/input/event10)
[    16.703] (**) Integrated Camera: Integrated C: Applying InputClass "libinput keyboard catchall"
[    16.703] (II) Using input driver 'libinput' for 'Integrated Camera: Integrated C'
[    16.704] (II) systemd-logind: got fd for /dev/input/event10 13:74 fd 27 paused 0
[    16.704] (**) Integrated Camera: Integrated C: always reports core events
[    16.704] (**) Option "Device" "/dev/input/event10"
[    16.704] (**) Option "_source" "server/udev"
[    16.705] (II) event10 - Integrated Camera: Integrated C: is tagged by udev as: Keyboard
[    16.705] (II) event10 - Integrated Camera: Integrated C: device is a keyboard
[    16.705] (II) event10 - Integrated Camera: Integrated C: device removed
[    16.705] (**) Option "config_info" "udev:/sys/devices/pci0000:00/0000:00:14.0/usb2/2-8/2-8:1.0/input/input13/event10"
[    16.705] (II) XINPUT: Adding extended input device "Integrated Camera: Integrated C" (type: KEYBOARD, id 9)
[    16.705] (**) Option "xkb_model" "pc105"
[    16.705] (**) Option "xkb_layout" "us"
[    16.706] (II) event10 - Integrated Camera: Integrated C: is tagged by udev as: Keyboard
[    16.706] (II) event10 - Integrated Camera: Integrated C: device is a keyboard
[    16.706] (II) config/udev: Adding input device HDA Intel PCH Dock Headphone (/dev/input/event8)
[    16.706] (II) No input driver specified, ignoring this device.
[    16.706] (II) This device may have been added with another device file.
[    16.707] (II) config/udev: Adding input device HDA Intel PCH Headphone (/dev/input/event9)
[    16.707] (II) No input driver specified, ignoring this device.
[    16.707] (II) This device may have been added with another device file.
[    16.707] (II) config/udev: Adding input device HDA Intel PCH Dock Mic (/dev/input/event6)
[    16.707] (II) No input driver specified, ignoring this device.
[    16.707] (II) This device may have been added with another device file.
[    16.708] (II) config/udev: Adding input device HDA Intel PCH Mic (/dev/input/event7)
[    16.708] (II) No input driver specified, ignoring this device.
[    16.708] (II) This device may have been added with another device file.
[    16.708] (II) config/udev: Adding input device AT Translated Set 2 keyboard (/dev/input/event3)
[    16.708] (**) AT Translated Set 2 keyboard: Applying InputClass "libinput keyboard catchall"
[    16.708] (II) Using input driver 'libinput' for 'AT Translated Set 2 keyboard'
[    16.709] (II) systemd-logind: got fd for /dev/input/event3 13:67 fd 28 paused 0
[    16.709] (**) AT Translated Set 2 keyboard: always reports core events
[    16.709] (**) Option "Device" "/dev/input/event3"
[    16.709] (**) Option "_source" "server/udev"
[    16.710] (II) event3  - AT Translated Set 2 keyboard: is tagged by udev as: Keyboard
[    16.710] (II) event3  - AT Translated Set 2 keyboard: device is a keyboard
[    16.710] (II) event3  - AT Translated Set 2 keyboard: device removed
[    16.710] (**) Option "config_info" "udev:/sys/devices/platform/i8042/serio0/input/input3/event3"
[    16.710] (II) XINPUT: Adding extended input device "AT Translated Set 2 keyboard" (type: KEYBOARD, id 10)
[    16.710] (**) Option "xkb_model" "pc105"
[    16.710] (**) Option "xkb_layout" "us"
[    16.710] (II) event3  - AT Translated Set 2 keyboard: is tagged by udev as: Keyboard
[    16.710] (II) event3  - AT Translated Set 2 keyboard: device is a keyboard
[    16.711] (II) config/udev: Adding input device SynPS/2 Synaptics TouchPad (/dev/input/event4)
[    16.711] (**) SynPS/2 Synaptics TouchPad: Applying InputClass "libinput touchpad catchall"
[    16.711] (II) Using input driver 'libinput' for 'SynPS/2 Synaptics TouchPad'
[    16.712] (II) systemd-logind: got fd for /dev/input/event4 13:68 fd 29 paused 0
[    16.712] (**) SynPS/2 Synaptics TouchPad: always reports core events
[    16.712] (**) Option "Device" "/dev/input/event4"
[    16.712] (**) Option "_source" "server/udev"
[    16.713] (II) event4  - SynPS/2 Synaptics TouchPad: is tagged by udev as: Touchpad
[    16.713] (II) event4  - SynPS/2 Synaptics TouchPad: device is a touchpad
[    16.713] (II) event4  - SynPS/2 Synaptics TouchPad: device removed
[    16.713] (**) Option "config_info" "udev:/sys/devices/platform/i8042/serio1/input/input5/event4"
[    16.713] (II) XINPUT: Adding extended input device "SynPS/2 Synaptics TouchPad" (type: TOUCHPAD, id 11)
[    16.713] (**) Option "AccelerationScheme" "none"
[    16.713] (**) SynPS/2 Synaptics TouchPad: (accel) selected scheme none/0
[    16.713] (**) SynPS/2 Synaptics TouchPad: (accel) acceleration factor: 2.000
[    16.713] (**) SynPS/2 Synaptics TouchPad: (accel) acceleration threshold: 4
[    16.714] (II) event4  - SynPS/2 Synaptics TouchPad: is tagged by udev as: Touchpad
[    16.714] (II) event4  - SynPS/2 Synaptics TouchPad: device is a touchpad
[    16.714] (II) config/udev: Adding input device SynPS/2 Synaptics TouchPad (/dev/input/mouse0)
[    16.714] (II) No input driver specified, ignoring this device.
[    16.714] (II) This device may have been added with another device file.
[    16.715] (II) config/udev: Adding input device TPPS/2 IBM TrackPoint (/dev/input/event12)
[    16.715] (**) TPPS/2 IBM TrackPoint: Applying InputClass "libinput pointer catchall"
[    16.715] (II) Using input driver 'libinput' for 'TPPS/2 IBM TrackPoint'
[    16.715] (II) systemd-logind: got fd for /dev/input/event12 13:76 fd 30 paused 0
[    16.715] (**) TPPS/2 IBM TrackPoint: always reports core events
[    16.715] (**) Option "Device" "/dev/input/event12"
[    16.715] (**) Option "_source" "server/udev"
[    16.716] (II) event12 - TPPS/2 IBM TrackPoint: is tagged by udev as: Mouse Pointingstick
[    16.716] (II) event12 - TPPS/2 IBM TrackPoint: trackpoint device set to range 31
[    16.716] (II) event12 - TPPS/2 IBM TrackPoint: device is a pointer
[    16.716] (II) event12 - TPPS/2 IBM TrackPoint: device removed
[    16.716] (**) Option "config_info" "udev:/sys/devices/platform/i8042/serio1/serio2/input/input6/event12"
[    16.716] (II) XINPUT: Adding extended input device "TPPS/2 IBM TrackPoint" (type: MOUSE, id 12)
[    16.716] (**) Option "AccelerationScheme" "none"
[    16.716] (**) TPPS/2 IBM TrackPoint: (accel) selected scheme none/0
[    16.716] (**) TPPS/2 IBM TrackPoint: (accel) acceleration factor: 2.000
[    16.716] (**) TPPS/2 IBM TrackPoint: (accel) acceleration threshold: 4
[    16.717] (II) event12 - TPPS/2 IBM TrackPoint: is tagged by udev as: Mouse Pointingstick
[    16.717] (II) event12 - TPPS/2 IBM TrackPoint: trackpoint device set to range 31
[    16.717] (II) event12 - TPPS/2 IBM TrackPoint: device is a pointer
[    16.717] (II) config/udev: Adding input device TPPS/2 IBM TrackPoint (/dev/input/mouse1)
[    16.717] (II) No input driver specified, ignoring this device.
[    16.717] (II) This device may have been added with another device file.
[    16.720] (II) config/udev: Adding input device ThinkPad Extra Buttons (/dev/input/event5)
[    16.720] (**) ThinkPad Extra Buttons: Applying InputClass "libinput keyboard catchall"
[    16.720] (II) Using input driver 'libinput' for 'ThinkPad Extra Buttons'
[    16.721] (II) systemd-logind: got fd for /dev/input/event5 13:69 fd 31 paused 0
[    16.721] (**) ThinkPad Extra Buttons: always reports core events
[    16.721] (**) Option "Device" "/dev/input/event5"
[    16.721] (**) Option "_source" "server/udev"
[    16.721] (II) event5  - ThinkPad Extra Buttons: is tagged by udev as: Keyboard
[    16.721] (II) event5  - ThinkPad Extra Buttons: device is a keyboard
[    16.721] (II) event5  - ThinkPad Extra Buttons: device removed
[    16.721] (**) Option "config_info" "udev:/sys/devices/platform/thinkpad_acpi/input/input7/event5"
[    16.721] (II) XINPUT: Adding extended input device "ThinkPad Extra Buttons" (type: KEYBOARD, id 13)
[    16.721] (**) Option "xkb_model" "pc105"
[    16.721] (**) Option "xkb_layout" "us"
[    16.722] (II) event5  - ThinkPad Extra Buttons: is tagged by udev as: Keyboard
[    16.722] (II) event5  - ThinkPad Extra Buttons: device is a keyboard
[    17.080] (II) modeset(0): EDID vendor "BOE", prod id 1536
[    17.080] (II) modeset(0): Printing DDC gathered Modelines:
[    17.080] (II) modeset(0): Modeline "1366x768"x0.0   72.30  1366 1414 1446 1526  768 771 777 790 +hsync -vsync (47.4 kHz eP)
[    17.081] (II) modeset(0): Modeline "1366x768"x0.0   60.30  1366 1414 1446 1526  768 771 777 790 +hsync -vsync (39.5 kHz e)
[   887.955] (EE) event4  - SynPS/2 Synaptics TouchPad: libinput bug: invalid tap event TAP_EVENT_PALM in state TAP_STATE_TAPPED
[  5682.743] (EE) event4  - SynPS/2 Synaptics TouchPad: libinput bug: invalid tap event TAP_EVENT_PALM in state TAP_STATE_TAPPED
[  6455.270] (EE) event4  - SynPS/2 Synaptics TouchPad: libinput bug: invalid tap event TAP_EVENT_PALM in state TAP_STATE_TAPPED
[ 16502.631] (EE) client bug: timer event4 keyboard: offset negative (-292ms)
[ 21502.826] (II) event12 - TPPS/2 IBM TrackPoint: Enabling spurious button debouncing, see https://wayland.freedesktop.org/libinput/doc/1.10.4/button_debouncing.html for details
[ 26766.943] (EE) event4  - SynPS/2 Synaptics TouchPad: kernel bug: Touch jump detected and discarded.
See https://wayland.freedesktop.org/libinput/doc/1.10.4/touchpad_jumping_cursor.html for details
[ 37437.692] (EE) event4  - SynPS/2 Synaptics TouchPad: libinput bug: invalid tap event TAP_EVENT_PALM in state TAP_STATE_TAPPED
